<?xml version="1.0" encoding="UTF-8"?>
<!-- Generated by org.testng.reporters.JUnitXMLReporter -->
<testsuite ignored="0" hostname="LAPTOP-PETR-POLIAKOV" failures="0" tests="2" name="Surefire test" time="3.299" errors="0" timestamp="2024-05-01T23:53:35 YEKT">
  <testcase classname="com.example.TestTestngOrg" name="@BeforeClass setUp" time="3.27">
    <failure type="org.openqa.selenium.remote.http.ConnectionFailedException" message="Unable to establish websocket connection to http://localhost:51810/devtools/browser/3fea0da2-dbe0-428e-a3fb-797641c069fd
Build info: version: &amp;apos;4.1.0&amp;apos;, revision: &amp;apos;87802e897b&amp;apos;
System info: host: &amp;apos;LAPTOP-PETR-POL&amp;apos;, ip: &amp;apos;169.254.4.12&amp;apos;, os.name: &amp;apos;Windows 11&amp;apos;, os.arch: &amp;apos;amd64&amp;apos;, os.version: &amp;apos;10.0&amp;apos;, java.version: &amp;apos;21.0.1&amp;apos;
Driver info: driver.version: ChromeDriver">
      <![CDATA[org.openqa.selenium.remote.http.ConnectionFailedException: Unable to establish websocket connection to http://localhost:51810/devtools/browser/3fea0da2-dbe0-428e-a3fb-797641c069fd
Build info: version: '4.1.0', revision: '87802e897b'
System info: host: 'LAPTOP-PETR-POL', ip: '169.254.4.12', os.name: 'Windows 11', os.arch: 'amd64', os.version: '10.0', java.version: '21.0.1'
Driver info: driver.version: ChromeDriver
at org.openqa.selenium.remote.http.netty.NettyWebSocket.<init>(NettyWebSocket.java:104)
at org.openqa.selenium.remote.http.netty.NettyWebSocket.lambda$create$3(NettyWebSocket.java:137)
at org.openqa.selenium.remote.http.netty.NettyClient.openSocket(NettyClient.java:116)
at org.openqa.selenium.devtools.Connection.<init>(Connection.java:77)
at org.openqa.selenium.chromium.ChromiumDriver.lambda$new$2(ChromiumDriver.java:124)
at java.base/java.util.Optional.map(Optional.java:260)
at org.openqa.selenium.chromium.ChromiumDriver.<init>(ChromiumDriver.java:122)
at org.openqa.selenium.chrome.ChromeDriver.<init>(ChromeDriver.java:104)
at org.openqa.selenium.chrome.ChromeDriver.<init>(ChromeDriver.java:91)
at org.openqa.selenium.chrome.ChromeDriver.<init>(ChromeDriver.java:46)
at com.example.TestTestngOrg.setUp(TestTestngOrg.java:28)
at java.base/java.util.ArrayList.forEach(ArrayList.java:1596)
... Removed 28 stack frames]]>
    </failure>
  </testcase> <!-- @BeforeClass setUp -->
  <testcase classname="com.example.TestTestngOrg" name="@AfterClass tearDown" time="-1.714589615727E9">
    <skipped/>
  </testcase> <!-- @AfterClass tearDown -->
  <testcase classname="com.example.TestTestngOrg" name="testNavigationChrome" time="0.0">
    <skipped/>
  </testcase> <!-- testNavigationChrome -->
  <testcase classname="com.example.TestTestngOrg" name="testNavigationFirefox" time="0.0">
    <skipped/>
  </testcase> <!-- testNavigationFirefox -->
</testsuite> <!-- Surefire test -->
